Symbol range map extraction starting
Processing 6 files
startProcessing "chemistree\ChemisTREE.java" md5: e7b5c8002900d74e8c4d86f4f6e67352
Cache Hit!
endProcessing "chemistree\ChemisTREE.java"

startProcessing "chemistree\Reference.java" md5: c9e93adee86c18914abd9df0ef5e0790
Cache Hit!
endProcessing "chemistree\Reference.java"

startProcessing "chemistree\blocks\BlockBasic.java" md5: 36e9957113ffa2df6f23d7fb6b0b096a
Cache Hit!
endProcessing "chemistree\blocks\BlockBasic.java"

startProcessing "chemistree\blocks\BlockOre.java" md5: dac4ac25e1a5859c16d2642ee6bbdb77
Cache Hit!
endProcessing "chemistree\blocks\BlockOre.java"

startProcessing "chemistree\init\ModItems.java" md5: 0a6e4ad702ad250d3fb30cb21faaf239
Cache Hit!
endProcessing "chemistree\init\ModItems.java"

startProcessing "chemistree\items\ItemBasic.java" md5: 62d2871df2665b545e2f0c97227cd354
Cache Hit!
endProcessing "chemistree\items\ItemBasic.java"

