[11:24:26] [main/INFO]: Setting user: Player428
[11:24:33] [main/WARN]: Skipping bad option: lastServer:
[11:24:33] [main/INFO]: LWJGL Version: 2.9.4
[11:24:40] [main/INFO]: Reloading ResourceManager: Default, FMLFileResourcePack:Forge Mod Loader, FMLFileResourcePack:Minecraft Forge, FMLFileResourcePack:ChemisTREE, FMLFileResourcePack:Salty Mod
[11:24:45] [Sound Library Loader/INFO]: Starting up SoundSystem...
[11:24:46] [Thread-5/INFO]: Initializing LWJGL OpenAL
[11:24:46] [Thread-5/INFO]: (The LWJGL binding of OpenAL.  For more information, see http://www.lwjgl.org)
[11:24:46] [Thread-5/INFO]: OpenAL initialized.
[11:24:46] [Sound Library Loader/INFO]: Sound engine started
[11:24:54] [main/INFO]: Created: 512x512 textures-atlas
[11:24:58] [main/WARN]: Skipping bad option: lastServer:
[11:24:58] [main/INFO]: Narrator library for x64 successfully loaded
[11:25:01] [Realms Notification Availability checker #1/INFO]: Could not authorize you against Realms server: Invalid session id
[11:29:17] [Server thread/INFO]: Starting integrated minecraft server version 1.12
[11:29:17] [Server thread/INFO]: Generating keypair
[11:29:19] [Server thread/INFO]: Loaded 547 advancements
[11:29:21] [Server thread/INFO]: Preparing start region for level 0
[11:29:22] [Server thread/INFO]: Changing view distance to 12, from 10
[11:29:24] [Server thread/INFO]: Player428[local:E:98d9156e] logged in with entity id 9 at (-615.5, 4.0, -993.5)
[11:29:24] [Server thread/INFO]: Player428 joined the game
[11:29:26] [Server thread/INFO]: Saving and pausing game...
[11:29:26] [Server thread/INFO]: Saving chunks for level 'New World'/overworld
[11:29:26] [pool-2-thread-1/WARN]: Couldn't look up profile properties for com.mojang.authlib.GameProfile@2ebddd22[id=e456eb14-598b-334f-9a18-0f7f93a2858c,name=Player428,properties={},legacy=false]
com.mojang.authlib.exceptions.AuthenticationException: The client has sent too many requests within a certain amount of time
	at com.mojang.authlib.yggdrasil.YggdrasilAuthenticationService.makeRequest(YggdrasilAuthenticationService.java:79) ~[YggdrasilAuthenticationService.class:?]
	at com.mojang.authlib.yggdrasil.YggdrasilMinecraftSessionService.fillGameProfile(YggdrasilMinecraftSessionService.java:180) [YggdrasilMinecraftSessionService.class:?]
	at com.mojang.authlib.yggdrasil.YggdrasilMinecraftSessionService$1.load(YggdrasilMinecraftSessionService.java:60) [YggdrasilMinecraftSessionService$1.class:?]
	at com.mojang.authlib.yggdrasil.YggdrasilMinecraftSessionService$1.load(YggdrasilMinecraftSessionService.java:57) [YggdrasilMinecraftSessionService$1.class:?]
	at com.google.common.cache.LocalCache$LoadingValueReference.loadFuture(LocalCache.java:3716) [guava-21.0.jar:?]
	at com.google.common.cache.LocalCache$Segment.loadSync(LocalCache.java:2424) [guava-21.0.jar:?]
	at com.google.common.cache.LocalCache$Segment.lockedGetOrLoad(LocalCache.java:2298) [guava-21.0.jar:?]
	at com.google.common.cache.LocalCache$Segment.get(LocalCache.java:2211) [guava-21.0.jar:?]
	at com.google.common.cache.LocalCache.get(LocalCache.java:4154) [guava-21.0.jar:?]
	at com.google.common.cache.LocalCache.getOrLoad(LocalCache.java:4158) [guava-21.0.jar:?]
	at com.google.common.cache.LocalCache$LocalLoadingCache.get(LocalCache.java:5147) [guava-21.0.jar:?]
	at com.google.common.cache.LocalCache$LocalLoadingCache.getUnchecked(LocalCache.java:5153) [guava-21.0.jar:?]
	at com.mojang.authlib.yggdrasil.YggdrasilMinecraftSessionService.fillProfileProperties(YggdrasilMinecraftSessionService.java:170) [YggdrasilMinecraftSessionService.class:?]
	at net.minecraft.client.Minecraft.getProfileProperties(Minecraft.java:3170) [Minecraft.class:?]
	at net.minecraft.client.resources.SkinManager$3.run(SkinManager.java:138) [SkinManager$3.class:?]
	at java.util.concurrent.Executors$RunnableAdapter.call(Unknown Source) [?:1.8.0_201]
	at java.util.concurrent.FutureTask.run(Unknown Source) [?:1.8.0_201]
	at java.util.concurrent.ThreadPoolExecutor.runWorker(Unknown Source) [?:1.8.0_201]
	at java.util.concurrent.ThreadPoolExecutor$Worker.run(Unknown Source) [?:1.8.0_201]
	at java.lang.Thread.run(Unknown Source) [?:1.8.0_201]
[11:29:26] [Server thread/INFO]: Saving chunks for level 'New World'/the_nether
[11:29:26] [Server thread/INFO]: Saving chunks for level 'New World'/the_end
[11:29:27] [Server thread/WARN]: Can't keep up! Did the system time change, or is the server overloaded? Running 2322ms behind, skipping 46 tick(s)
[11:29:27] [Server thread/INFO]: Saving and pausing game...
[11:29:29] [Server thread/INFO]: Saving chunks for level 'New World'/overworld
[11:29:30] [Server thread/INFO]: Saving chunks for level 'New World'/the_nether
[11:29:30] [Server thread/INFO]: Saving chunks for level 'New World'/the_end
[11:30:58] [main/INFO]: [CHAT] minecraft:oak_stairs, minecraft:observer, minecraft:obsidian, minecraft:orange_glazed_terracotta, minecraft:orange_shulker_box, saltmod:onion_pie
[11:31:02] [main/INFO]: [CHAT] There is no such item with name minecraft:wood
[11:31:07] [main/INFO]: [CHAT] There is no such item with name minecraft:oak_wood
[11:31:13] [Server thread/INFO]: [Player428: Given [Oak Wood Planks] * 1 to Player428]
[11:31:13] [main/INFO]: [CHAT] Given [Oak Wood Planks] * 1 to Player428
[11:31:13] [main/INFO]: Loaded 12 advancements
[11:31:14] [Server thread/INFO]: Saving and pausing game...
[11:31:14] [Server thread/INFO]: Saving chunks for level 'New World'/overworld
[11:31:14] [Server thread/INFO]: Saving chunks for level 'New World'/the_nether
[11:31:14] [Server thread/INFO]: Saving chunks for level 'New World'/the_end
